<?xml version="1.0" encoding="UTF-8"?>
<testng-results ignored="0" total="2" passed="2" failed="0" skipped="0">
  <reporter-output>
  </reporter-output>
  <suite started-at="2025-03-06T17:07:09 IST" name="Surefire suite" finished-at="2025-03-06T17:07:09 IST" duration-ms="33">
    <groups>
    </groups>
    <test started-at="2025-03-06T17:07:09 IST" name="Surefire test" finished-at="2025-03-06T17:07:09 IST" duration-ms="33">
      <class name="com.d.DemoPackage.MavenDemoTest">
        <test-method signature="test1()[pri:0, instance:com.d.DemoPackage.MavenDemoTest@214b199c]" started-at="2025-03-06T17:07:09 IST" name="test1" finished-at="2025-03-06T17:07:09 IST" duration-ms="4" status="PASS">
          <reporter-output>
          </reporter-output>
        </test-method> <!-- test1 -->
        <test-method signature="test2()[pri:0, instance:com.d.DemoPackage.MavenDemoTest@214b199c]" started-at="2025-03-06T17:07:09 IST" name="test2" finished-at="2025-03-06T17:07:09 IST" duration-ms="1" status="PASS">
          <reporter-output>
          </reporter-output>
        </test-method> <!-- test2 -->
      </class> <!-- com.d.DemoPackage.MavenDemoTest -->
    </test> <!-- Surefire test -->
  </suite> <!-- Surefire suite -->
</testng-results>
