<?xml version="1.0" encoding="UTF-8"?>
<!-- Generated by org.testng.reporters.JUnitXMLReporter -->
<testsuite ignored="16" hostname="MSI" failures="0" tests="8" name="Surefire test" time="137.011" errors="0" timestamp="2025-03-12T17:01:55 IST">
  <testcase classname="com.d.DemoPackage.MavenDemoTest" name="test1" time="0.005"/>
  <testcase classname="com.d.DemoPackage.MavenDemoTest" name="test2" time="0.001"/>
  <testcase classname="com.d.DemoPackage.MavenParameterTest" name="Test1" time="0.0"/>
  <testcase classname="VTIGER.DDT.Campaign.CreateCampaignAddProductInCampaignTest" name="createCampaignAddProductInCampaign" time="26.869"/>
  <testcase classname="VTIGER.DDT.Campaign.CreateCampaignTest" name="createCampaign" time="11.305"/>
  <testcase classname="VTIGER.DDT.Organization.CreateOrganizationTest" name="createOrganization" time="17.323"/>
  <testcase classname="VTIGER.DDT.Product.CreateProductTest" name="createProduct" time="11.496"/>
  <testcase classname="VTIGER.DDT.Product.ProductCreateDeleteTest" name="productCreateDelete" time="15.135"/>
  <testcase classname="Generic_Utility.BaseClass" name="@BeforeTest BT" time="0.0">
    <ignored/>
  </testcase> <!-- @BeforeTest BT -->
  <testcase classname="Generic_Utility.BaseClass" name="@BeforeTest BT" time="0.0">
    <ignored/>
  </testcase> <!-- @BeforeTest BT -->
  <testcase classname="Generic_Utility.BaseClass" name="@BeforeTest BT" time="0.0">
    <ignored/>
  </testcase> <!-- @BeforeTest BT -->
  <testcase classname="Generic_Utility.BaseClass" name="@BeforeTest BT" time="0.0">
    <ignored/>
  </testcase> <!-- @BeforeTest BT -->
  <testcase classname="Generic_Utility.BaseClass" name="@AfterSuite AS" time="0.0">
    <ignored/>
  </testcase> <!-- @AfterSuite AS -->
  <testcase classname="Generic_Utility.BaseClass" name="@AfterSuite AS" time="0.0">
    <ignored/>
  </testcase> <!-- @AfterSuite AS -->
  <testcase classname="Generic_Utility.BaseClass" name="@AfterSuite AS" time="0.0">
    <ignored/>
  </testcase> <!-- @AfterSuite AS -->
  <testcase classname="Generic_Utility.BaseClass" name="@AfterSuite AS" time="0.0">
    <ignored/>
  </testcase> <!-- @AfterSuite AS -->
  <testcase classname="Generic_Utility.BaseClass" name="@AfterTest AT" time="0.0">
    <ignored/>
  </testcase> <!-- @AfterTest AT -->
  <testcase classname="Generic_Utility.BaseClass" name="@AfterTest AT" time="0.0">
    <ignored/>
  </testcase> <!-- @AfterTest AT -->
  <testcase classname="Generic_Utility.BaseClass" name="@AfterTest AT" time="0.0">
    <ignored/>
  </testcase> <!-- @AfterTest AT -->
  <testcase classname="Generic_Utility.BaseClass" name="@AfterTest AT" time="0.0">
    <ignored/>
  </testcase> <!-- @AfterTest AT -->
  <testcase classname="Generic_Utility.BaseClass" name="@BeforeSuite BS" time="0.0">
    <ignored/>
  </testcase> <!-- @BeforeSuite BS -->
  <testcase classname="Generic_Utility.BaseClass" name="@BeforeSuite BS" time="0.0">
    <ignored/>
  </testcase> <!-- @BeforeSuite BS -->
  <testcase classname="Generic_Utility.BaseClass" name="@BeforeSuite BS" time="0.0">
    <ignored/>
  </testcase> <!-- @BeforeSuite BS -->
  <testcase classname="Generic_Utility.BaseClass" name="@BeforeSuite BS" time="0.0">
    <ignored/>
  </testcase> <!-- @BeforeSuite BS -->
</testsuite> <!-- Surefire test -->
